<?xml version="1.0" encoding="UTF-8"?>
<!-- Generated by org.testng.reporters.JUnitReportReporter -->
<testsuite skipped="0" hostname="ATMECSINLT-033" name="com.atmecs.assessment.validations.ServiceAvailableValidation" tests="1" failures="0" timestamp="26 Sep 2019 10:55:22 GMT" time="0.082" errors="0">
  <testcase name="validateServiceDpdn" time="0.082" classname="com.atmecs.assessment.validations.ServiceAvailableValidation"/>
</testsuite> <!-- com.atmecs.assessment.validations.ServiceAvailableValidation -->
