<?xml version="1.0" encoding="UTF-8"?>
<!-- Generated by org.testng.reporters.JUnitReportReporter -->
<testsuite skipped="0" hostname="ATMECSINLT-033" name="com.atmecs.assessment.pages.HomePage" tests="1" failures="0" timestamp="26 Sep 2019 14:22:11 GMT" time="4.677" errors="0">
  <testcase name="selectServices" time="4.677" classname="com.atmecs.assessment.pages.HomePage"/>
</testsuite> <!-- com.atmecs.assessment.pages.HomePage -->
